[debug] [2023-01-09T18:26:38.936Z] ----------------------------------------------------------------------
[debug] [2023-01-09T18:26:38.939Z] Command:       C:\Program Files\nodejs\node.exe C:\Users\Administrator\AppData\Roaming\npm\node_modules\firebase-tools\lib\bin\firebase.js emulators:start
[debug] [2023-01-09T18:26:38.940Z] CLI Version:   11.20.0
[debug] [2023-01-09T18:26:38.940Z] Platform:      win32
[debug] [2023-01-09T18:26:38.941Z] Node Version:  v16.16.0
[debug] [2023-01-09T18:26:38.942Z] Time:          Mon Jan 09 2023 21:26:38 GMT+0300 (Volgograd Standard Time)
[debug] [2023-01-09T18:26:38.942Z] ----------------------------------------------------------------------
[debug] 
[debug] [2023-01-09T18:26:39.049Z] > command requires scopes: ["email","openid","https://www.googleapis.com/auth/cloudplatformprojects.readonly","https://www.googleapis.com/auth/firebase","https://www.googleapis.com/auth/cloud-platform"]
[debug] [2023-01-09T18:26:39.050Z] > authorizing via signed-in user (mmarew@gmail.com)
[info] i  emulators: Starting emulators: functions {"metadata":{"emulator":{"name":"hub"},"message":"Starting emulators: functions"}}
[debug] [2023-01-09T18:26:39.066Z] [logging] Logging Emulator only supports listening on one address (127.0.0.1). Not listening on ::1
[debug] [2023-01-09T18:26:39.067Z] assigned listening specs for emulators {"user":{"hub":[{"address":"127.0.0.1","family":"IPv4","port":4400},{"address":"::1","family":"IPv6","port":4400}],"ui":[{"address":"127.0.0.1","family":"IPv4","port":4000},{"address":"::1","family":"IPv6","port":4000}],"logging":[{"address":"127.0.0.1","family":"IPv4","port":4500}]},"metadata":{"message":"assigned listening specs for emulators"}}
[debug] [2023-01-09T18:26:39.083Z] [hub] writing locator at C:\Users\ADMINI~1\AppData\Local\Temp\hub-mye-4f48a.json
[debug] [2023-01-09T18:26:39.200Z] [functions] Functions Emulator only supports listening on one address (127.0.0.1). Not listening on ::1
[debug] [2023-01-09T18:26:39.201Z] [eventarc] Eventarc Emulator only supports listening on one address (127.0.0.1). Not listening on ::1
[debug] [2023-01-09T18:26:39.201Z] late-assigned ports for functions and eventarc emulators {"user":{"hub":[{"address":"127.0.0.1","family":"IPv4","port":4400},{"address":"::1","family":"IPv6","port":4400}],"ui":[{"address":"127.0.0.1","family":"IPv4","port":4000},{"address":"::1","family":"IPv6","port":4000}],"logging":[{"address":"127.0.0.1","family":"IPv4","port":4500}],"functions":[{"address":"127.0.0.1","family":"IPv4","port":5001}],"eventarc":[{"address":"127.0.0.1","family":"IPv4","port":9299}]},"metadata":{"message":"late-assigned ports for functions and eventarc emulators"}}
[warn] !  functions: The following emulators are not running, calls to these services from the Functions emulator will affect production: auth, firestore, database, hosting, pubsub, storage {"metadata":{"emulator":{"name":"functions"},"message":"The following emulators are not running, calls to these services from the Functions emulator will affect production: \u001b[1mauth, firestore, database, hosting, pubsub, storage\u001b[22m"}}
[info] +  functions: Using node@16 from host. {"metadata":{"emulator":{"name":"functions"},"message":"Using node@16 from host."}}
[debug] [2023-01-09T18:26:39.261Z] defaultcredentials: writing to file C:\Users\Administrator\AppData\Roaming\firebase\mmarew_gmail_com_application_default_credentials.json
[debug] [2023-01-09T18:26:39.268Z] Setting GAC to C:\Users\Administrator\AppData\Roaming\firebase\mmarew_gmail_com_application_default_credentials.json {"metadata":{"emulator":{"name":"functions"},"message":"Setting GAC to C:\\Users\\Administrator\\AppData\\Roaming\\firebase\\mmarew_gmail_com_application_default_credentials.json"}}
[debug] [2023-01-09T18:26:39.273Z] >>> [apiv2][query] GET https://firebase.googleapis.com/v1beta1/projects/mye-4f48a/adminSdkConfig [none]
[debug] [2023-01-09T18:26:40.565Z] <<< [apiv2][status] GET https://firebase.googleapis.com/v1beta1/projects/mye-4f48a/adminSdkConfig 200
[debug] [2023-01-09T18:26:40.565Z] <<< [apiv2][body] GET https://firebase.googleapis.com/v1beta1/projects/mye-4f48a/adminSdkConfig {"projectId":"mye-4f48a","storageBucket":"mye-4f48a.appspot.com"}
[debug] [2023-01-09T18:26:40.680Z] Ignoring unsupported arg: auto_download {"metadata":{"emulator":{"name":"ui"},"message":"Ignoring unsupported arg: auto_download"}}
[debug] [2023-01-09T18:26:40.681Z] Ignoring unsupported arg: port {"metadata":{"emulator":{"name":"ui"},"message":"Ignoring unsupported arg: port"}}
[debug] [2023-01-09T18:26:40.681Z] Starting Emulator UI with command {"binary":"node","args":["C:\\Users\\Administrator\\.cache\\firebase\\emulators\\ui-v1.11.2\\server\\server.js"],"optionalArgs":[],"joinArgs":false} {"metadata":{"emulator":{"name":"ui"},"message":"Starting Emulator UI with command {\"binary\":\"node\",\"args\":[\"C:\\\\Users\\\\Administrator\\\\.cache\\\\firebase\\\\emulators\\\\ui-v1.11.2\\\\server\\\\server.js\"],\"optionalArgs\":[],\"joinArgs\":false}"}}
[info] i  ui: Emulator UI logging to ui-debug.log {"metadata":{"emulator":{"name":"ui"},"message":"Emulator UI logging to \u001b[1mui-debug.log\u001b[22m"}}
[debug] [2023-01-09T18:26:40.902Z] Web / API server started at 127.0.0.1:4000
 {"metadata":{"emulator":{"name":"ui"},"message":"Web / API server started at 127.0.0.1:4000\n"}}
[debug] [2023-01-09T18:26:40.903Z] Web / API server started at ::1:4000
 {"metadata":{"emulator":{"name":"ui"},"message":"Web / API server started at ::1:4000\n"}}
[info] i  functions: Watching "C:\Users\Administrator\Desktop\Evangadi\phase3\Amazone\marew-amazone\functions" for Cloud Functions... {"metadata":{"emulator":{"name":"functions"},"message":"Watching \"C:\\Users\\Administrator\\Desktop\\Evangadi\\phase3\\Amazone\\marew-amazone\\functions\" for Cloud Functions..."}}
[debug] [2023-01-09T18:26:40.974Z] Validating nodejs source
[warn] !  functions: package.json indicates an outdated version of firebase-functions. Please upgrade using npm install --save firebase-functions@latest in your functions directory. 
[warn] !  functions: Please note that there will be breaking changes when you upgrade. 
[debug] [2023-01-09T18:26:43.331Z] > [functions] package.json contents: {
  "name": "functions",
  "description": "Cloud Functions for Firebase",
  "scripts": {
    "serve": "firebase emulators:start --only functions",
    "shell": "firebase functions:shell",
    "start": "npm run shell",
    "deploy": "firebase deploy --only functions",
    "logs": "firebase functions:log"
  },
  "engines": {
    "node": "16"
  },
  "main": "index.js",
  "dependencies": {
    "cors": "^2.8.5",
    "express": "^4.18.2",
    "firebase-admin": "^10.0.2",
    "firebase-functions": "^3.18.0",
    "stripe": "^11.6.0"
  },
  "devDependencies": {
    "firebase-functions-test": "^0.2.0"
  },
  "private": true
}
[debug] [2023-01-09T18:26:43.332Z] Building nodejs source
[debug] [2023-01-09T18:26:43.335Z] Could not find functions.yaml. Must use http discovery
[debug] [2023-01-09T18:26:43.766Z] Serving at port 9005

[debug] [2023-01-09T18:26:44.292Z] Got response from /__/functions.yaml {"endpoints":{"api":{"platform":"gcfv1","httpsTrigger":{},"entryPoint":"api"}},"specVersion":"v1alpha1","requiredAPIs":[]}
[debug] [2023-01-09T18:26:44.306Z] shutdown requested via /__/quitquitquit

[info] +  functions: Loaded functions definitions from source: api. {"metadata":{"emulator":{"name":"functions"},"message":"Loaded functions definitions from source: api."}}
[info] +  functions[us-central1-api]: http function initialized (http://127.0.0.1:5001/mye-4f48a/us-central1/api). {"metadata":{"emulator":{"name":"functions"},"message":"\u001b[1mhttp\u001b[22m function initialized (http://127.0.0.1:5001/mye-4f48a/us-central1/api)."}}
[info] 
┌─────────────────────────────────────────────────────────────┐
│ ✔  All emulators ready! It is now safe to connect your app. │
│ i  View Emulator UI at http://127.0.0.1:4000/               │
└─────────────────────────────────────────────────────────────┘

┌───────────┬────────────────┬─────────────────────────────────┐
│ Emulator  │ Host:Port      │ View in Emulator UI             │
├───────────┼────────────────┼─────────────────────────────────┤
│ Functions │ 127.0.0.1:5001 │ http://127.0.0.1:4000/functions │
└───────────┴────────────────┴─────────────────────────────────┘
  Emulator Hub running at 127.0.0.1:4400
  Other reserved ports: 4500

Issues? Report them at https://github.com/firebase/firebase-tools/issues and attach the *-debug.log files.
 
[debug] [2023-01-09T18:27:25.213Z] [work-queue] {"queuedWork":["/mye-4f48a/us-central1/api-2023-01-09T18:27:25.213Z"],"queueLength":1,"runningWork":[],"workRunningCount":0}
[debug] [2023-01-09T18:27:25.215Z] [work-queue] {"queuedWork":[],"queueLength":0,"runningWork":["/mye-4f48a/us-central1/api-2023-01-09T18:27:25.213Z"],"workRunningCount":1}
[debug] [2023-01-09T18:27:25.216Z] Accepted request GET /mye-4f48a/us-central1/api --> us-central1-api
[debug] [2023-01-09T18:27:25.228Z] [functions] Runtime ready! Sending request! {"metadata":{"emulator":{"name":"functions"},"message":"[functions] Runtime ready! Sending request!"}}
[debug] [2023-01-09T18:27:25.231Z] [functions] Got req.url=/mye-4f48a/us-central1/api, mapping to path=/ {"metadata":{"emulator":{"name":"functions"},"message":"[functions] Got req.url=/mye-4f48a/us-central1/api, mapping to path=/"}}
[debug] [2023-01-09T18:27:25.270Z] [worker-pool] addWorker(us-central1-api) {"metadata":{"emulator":{"name":"functions"},"message":"[worker-pool] addWorker(us-central1-api)"}}
[debug] [2023-01-09T18:27:25.271Z] [worker-pool] Adding worker with key us-central1-api, total=1 {"metadata":{"emulator":{"name":"functions"},"message":"[worker-pool] Adding worker with key us-central1-api, total=1"}}
[debug] [2023-01-09T18:27:27.980Z] [runtime-status] [2536] Resolved module firebase-admin {"declared":true,"installed":true,"version":"10.3.0","resolution":"C:\\Users\\Administrator\\Desktop\\Evangadi\\phase3\\Amazone\\marew-amazone\\functions\\node_modules\\firebase-admin\\lib\\index.js"} {"metadata":{"emulator":{"name":"functions"},"function":{"name":"us-central1-api"},"extension":{},"message":"[runtime-status] [2536] Resolved module firebase-admin {\"declared\":true,\"installed\":true,\"version\":\"10.3.0\",\"resolution\":\"C:\\\\Users\\\\Administrator\\\\Desktop\\\\Evangadi\\\\phase3\\\\Amazone\\\\marew-amazone\\\\functions\\\\node_modules\\\\firebase-admin\\\\lib\\\\index.js\"}"}}
[debug] [2023-01-09T18:27:27.984Z] [runtime-status] [2536] Resolved module firebase-functions {"declared":true,"installed":true,"version":"3.24.1","resolution":"C:\\Users\\Administrator\\Desktop\\Evangadi\\phase3\\Amazone\\marew-amazone\\functions\\node_modules\\firebase-functions\\lib\\index.js"} {"metadata":{"emulator":{"name":"functions"},"function":{"name":"us-central1-api"},"extension":{},"message":"[runtime-status] [2536] Resolved module firebase-functions {\"declared\":true,\"installed\":true,\"version\":\"3.24.1\",\"resolution\":\"C:\\\\Users\\\\Administrator\\\\Desktop\\\\Evangadi\\\\phase3\\\\Amazone\\\\marew-amazone\\\\functions\\\\node_modules\\\\firebase-functions\\\\lib\\\\index.js\"}"}}
[debug] [2023-01-09T18:27:27.984Z] [runtime-status] [2536] Outgoing network have been stubbed. [{"name":"http","status":"mocked"},{"name":"http","status":"mocked"},{"name":"https","status":"mocked"},{"name":"https","status":"mocked"},{"name":"net","status":"mocked"}] {"metadata":{"emulator":{"name":"functions"},"function":{"name":"us-central1-api"},"extension":{},"message":"[runtime-status] [2536] Outgoing network have been stubbed. [{\"name\":\"http\",\"status\":\"mocked\"},{\"name\":\"http\",\"status\":\"mocked\"},{\"name\":\"https\",\"status\":\"mocked\"},{\"name\":\"https\",\"status\":\"mocked\"},{\"name\":\"net\",\"status\":\"mocked\"}]"}}
[debug] [2023-01-09T18:27:27.985Z] [runtime-status] [2536] Resolved module firebase-functions {"declared":true,"installed":true,"version":"3.24.1","resolution":"C:\\Users\\Administrator\\Desktop\\Evangadi\\phase3\\Amazone\\marew-amazone\\functions\\node_modules\\firebase-functions\\lib\\index.js"} {"metadata":{"emulator":{"name":"functions"},"function":{"name":"us-central1-api"},"extension":{},"message":"[runtime-status] [2536] Resolved module firebase-functions {\"declared\":true,\"installed\":true,\"version\":\"3.24.1\",\"resolution\":\"C:\\\\Users\\\\Administrator\\\\Desktop\\\\Evangadi\\\\phase3\\\\Amazone\\\\marew-amazone\\\\functions\\\\node_modules\\\\firebase-functions\\\\lib\\\\index.js\"}"}}
[debug] [2023-01-09T18:27:28.096Z] [runtime-status] [2536] Checked functions.config() {"config":{}} {"metadata":{"emulator":{"name":"functions"},"function":{"name":"us-central1-api"},"extension":{},"message":"[runtime-status] [2536] Checked functions.config() {\"config\":{}}"}}
[debug] [2023-01-09T18:27:28.096Z] [runtime-status] [2536] firebase-functions has been stubbed. {"functionsResolution":{"declared":true,"installed":true,"version":"3.24.1","resolution":"C:\\Users\\Administrator\\Desktop\\Evangadi\\phase3\\Amazone\\marew-amazone\\functions\\node_modules\\firebase-functions\\lib\\index.js"}} {"metadata":{"emulator":{"name":"functions"},"function":{"name":"us-central1-api"},"extension":{},"message":"[runtime-status] [2536] firebase-functions has been stubbed. {\"functionsResolution\":{\"declared\":true,\"installed\":true,\"version\":\"3.24.1\",\"resolution\":\"C:\\\\Users\\\\Administrator\\\\Desktop\\\\Evangadi\\\\phase3\\\\Amazone\\\\marew-amazone\\\\functions\\\\node_modules\\\\firebase-functions\\\\lib\\\\index.js\"}}"}}
[debug] [2023-01-09T18:27:28.097Z] [runtime-status] [2536] Resolved module firebase-functions {"declared":true,"installed":true,"version":"3.24.1","resolution":"C:\\Users\\Administrator\\Desktop\\Evangadi\\phase3\\Amazone\\marew-amazone\\functions\\node_modules\\firebase-functions\\lib\\index.js"} {"metadata":{"emulator":{"name":"functions"},"function":{"name":"us-central1-api"},"extension":{},"message":"[runtime-status] [2536] Resolved module firebase-functions {\"declared\":true,\"installed\":true,\"version\":\"3.24.1\",\"resolution\":\"C:\\\\Users\\\\Administrator\\\\Desktop\\\\Evangadi\\\\phase3\\\\Amazone\\\\marew-amazone\\\\functions\\\\node_modules\\\\firebase-functions\\\\lib\\\\index.js\"}"}}
[debug] [2023-01-09T18:27:28.099Z] [runtime-status] [2536] Resolved module firebase-admin {"declared":true,"installed":true,"version":"10.3.0","resolution":"C:\\Users\\Administrator\\Desktop\\Evangadi\\phase3\\Amazone\\marew-amazone\\functions\\node_modules\\firebase-admin\\lib\\index.js"} {"metadata":{"emulator":{"name":"functions"},"function":{"name":"us-central1-api"},"extension":{},"message":"[runtime-status] [2536] Resolved module firebase-admin {\"declared\":true,\"installed\":true,\"version\":\"10.3.0\",\"resolution\":\"C:\\\\Users\\\\Administrator\\\\Desktop\\\\Evangadi\\\\phase3\\\\Amazone\\\\marew-amazone\\\\functions\\\\node_modules\\\\firebase-admin\\\\lib\\\\index.js\"}"}}
[debug] [2023-01-09T18:27:28.100Z] [runtime-status] [2536] Resolved module firebase-functions {"declared":true,"installed":true,"version":"3.24.1","resolution":"C:\\Users\\Administrator\\Desktop\\Evangadi\\phase3\\Amazone\\marew-amazone\\functions\\node_modules\\firebase-functions\\lib\\index.js"} {"metadata":{"emulator":{"name":"functions"},"function":{"name":"us-central1-api"},"extension":{},"message":"[runtime-status] [2536] Resolved module firebase-functions {\"declared\":true,\"installed\":true,\"version\":\"3.24.1\",\"resolution\":\"C:\\\\Users\\\\Administrator\\\\Desktop\\\\Evangadi\\\\phase3\\\\Amazone\\\\marew-amazone\\\\functions\\\\node_modules\\\\firebase-functions\\\\lib\\\\index.js\"}"}}
[debug] [2023-01-09T18:27:28.100Z] [runtime-status] [2536] firebase-admin has been stubbed. {"adminResolution":{"declared":true,"installed":true,"version":"10.3.0","resolution":"C:\\Users\\Administrator\\Desktop\\Evangadi\\phase3\\Amazone\\marew-amazone\\functions\\node_modules\\firebase-admin\\lib\\index.js"}} {"metadata":{"emulator":{"name":"functions"},"function":{"name":"us-central1-api"},"extension":{},"message":"[runtime-status] [2536] firebase-admin has been stubbed. {\"adminResolution\":{\"declared\":true,\"installed\":true,\"version\":\"10.3.0\",\"resolution\":\"C:\\\\Users\\\\Administrator\\\\Desktop\\\\Evangadi\\\\phase3\\\\Amazone\\\\marew-amazone\\\\functions\\\\node_modules\\\\firebase-admin\\\\lib\\\\index.js\"}}"}}
[debug] [2023-01-09T18:27:28.472Z] [runtime-status] [2536] Functions runtime initialized. {"cwd":"C:\\Users\\Administrator\\Desktop\\Evangadi\\phase3\\Amazone\\marew-amazone\\functions","node_version":"16.16.0"} {"metadata":{"emulator":{"name":"functions"},"function":{"name":"us-central1-api"},"extension":{},"message":"[runtime-status] [2536] Functions runtime initialized. {\"cwd\":\"C:\\\\Users\\\\Administrator\\\\Desktop\\\\Evangadi\\\\phase3\\\\Amazone\\\\marew-amazone\\\\functions\",\"node_version\":\"16.16.0\"}"}}
[debug] [2023-01-09T18:27:28.472Z] [runtime-status] [2536] Listening to port: \\?\pipe\fire_emu_9ba00817499a0d3f {"metadata":{"emulator":{"name":"functions"},"function":{"name":"us-central1-api"},"extension":{},"message":"[runtime-status] [2536] Listening to port: \\\\?\\pipe\\fire_emu_9ba00817499a0d3f"}}
[debug] [2023-01-09T18:27:28.531Z] [worker-us-central1-api-ccb80f12-416a-48b8-b60c-ce4e8fb7dc0f]: IDLE {"metadata":{"emulator":{"name":"functions"},"message":"[worker-us-central1-api-ccb80f12-416a-48b8-b60c-ce4e8fb7dc0f]: IDLE"}}
[debug] [2023-01-09T18:27:28.534Z] [worker-pool] submitRequest(triggerId=us-central1-api) {"metadata":{"emulator":{"name":"functions"},"message":"[worker-pool] submitRequest(triggerId=us-central1-api)"}}
[debug] [2023-01-09T18:27:28.534Z] [worker-us-central1-api-ccb80f12-416a-48b8-b60c-ce4e8fb7dc0f]: BUSY {"metadata":{"emulator":{"name":"functions"},"message":"[worker-us-central1-api-ccb80f12-416a-48b8-b60c-ce4e8fb7dc0f]: BUSY"}}
[info] i  functions: Beginning execution of "api" {"metadata":{"emulator":{"name":"functions"},"function":{"name":"us-central1-api"},"extension":{},"message":"Beginning execution of \"api\""}}
[debug] [2023-01-09T18:27:28.544Z] [worker-us-central1-api-ccb80f12-416a-48b8-b60c-ce4e8fb7dc0f]: IDLE {"metadata":{"emulator":{"name":"functions"},"message":"[worker-us-central1-api-ccb80f12-416a-48b8-b60c-ce4e8fb7dc0f]: IDLE"}}
[debug] [2023-01-09T18:27:28.544Z] [work-queue] {"queuedWork":[],"queueLength":0,"runningWork":[],"workRunningCount":0}
[info] i  functions: Finished "api" in 5.6387ms {"metadata":{"emulator":{"name":"functions"},"function":{"name":"us-central1-api"},"extension":{},"message":"Finished \"api\" in 5.6387ms"}}
[debug] [2023-01-09T18:27:29.051Z] Functions emulator received unknown request at path /favicon.ico
[debug] [2023-01-09T18:42:30.605Z] [work-queue] {"queuedWork":["/mye-4f48a/us-central1/api/payments/create-2023-01-09T18:42:30.605Z"],"queueLength":1,"runningWork":[],"workRunningCount":0}
[debug] [2023-01-09T18:42:30.607Z] [work-queue] {"queuedWork":[],"queueLength":0,"runningWork":["/mye-4f48a/us-central1/api/payments/create-2023-01-09T18:42:30.605Z"],"workRunningCount":1}
[debug] [2023-01-09T18:42:30.607Z] Accepted request POST /mye-4f48a/us-central1/api/payments/create?total=141694 --> us-central1-api
[debug] [2023-01-09T18:42:30.619Z] [functions] Runtime ready! Sending request! {"metadata":{"emulator":{"name":"functions"},"message":"[functions] Runtime ready! Sending request!"}}
[debug] [2023-01-09T18:42:30.620Z] [functions] Got req.url=/mye-4f48a/us-central1/api/payments/create?total=141694, mapping to path=/payments/create?total=141694 {"metadata":{"emulator":{"name":"functions"},"message":"[functions] Got req.url=/mye-4f48a/us-central1/api/payments/create?total=141694, mapping to path=/payments/create?total=141694"}}
[debug] [2023-01-09T18:42:30.621Z] [worker-pool] submitRequest(triggerId=us-central1-api) {"metadata":{"emulator":{"name":"functions"},"message":"[worker-pool] submitRequest(triggerId=us-central1-api)"}}
[debug] [2023-01-09T18:42:30.621Z] [worker-us-central1-api-ccb80f12-416a-48b8-b60c-ce4e8fb7dc0f]: BUSY {"metadata":{"emulator":{"name":"functions"},"message":"[worker-us-central1-api-ccb80f12-416a-48b8-b60c-ce4e8fb7dc0f]: BUSY"}}
[info] i  functions: Beginning execution of "api" {"metadata":{"emulator":{"name":"functions"},"function":{"name":"us-central1-api"},"extension":{},"message":"Beginning execution of \"api\""}}
[info] >  Payment Request Recieved for this amount >>>  141694 {"user":"Payment Request Recieved for this amount >>>  141694","metadata":{"emulator":{"name":"functions"},"function":{"name":"us-central1-api"},"extension":{},"message":"\u001b[90m> \u001b[39m Payment Request Recieved for this amount >>>  141694"}}
[debug] [2023-01-09T18:42:32.134Z] [worker-us-central1-api-ccb80f12-416a-48b8-b60c-ce4e8fb7dc0f]: IDLE {"metadata":{"emulator":{"name":"functions"},"message":"[worker-us-central1-api-ccb80f12-416a-48b8-b60c-ce4e8fb7dc0f]: IDLE"}}
[debug] [2023-01-09T18:42:32.134Z] [work-queue] {"queuedWork":[],"queueLength":0,"runningWork":[],"workRunningCount":0}
[info] i  functions: Finished "api" in 1502.8075ms {"metadata":{"emulator":{"name":"functions"},"function":{"name":"us-central1-api"},"extension":{},"message":"Finished \"api\" in 1502.8075ms"}}
[debug] [2023-01-09T18:47:21.596Z] [work-queue] {"queuedWork":["/mye-4f48a/us-central1/api/payments/create-2023-01-09T18:47:21.596Z"],"queueLength":1,"runningWork":[],"workRunningCount":0}
[debug] [2023-01-09T18:47:21.597Z] [work-queue] {"queuedWork":[],"queueLength":0,"runningWork":["/mye-4f48a/us-central1/api/payments/create-2023-01-09T18:47:21.596Z"],"workRunningCount":1}
[debug] [2023-01-09T18:47:21.598Z] Accepted request OPTIONS /mye-4f48a/us-central1/api/payments/create?total=141694 --> us-central1-api
[debug] [2023-01-09T18:47:21.607Z] [functions] Runtime ready! Sending request! {"metadata":{"emulator":{"name":"functions"},"message":"[functions] Runtime ready! Sending request!"}}
[debug] [2023-01-09T18:47:21.608Z] [functions] Got req.url=/mye-4f48a/us-central1/api/payments/create?total=141694, mapping to path=/payments/create?total=141694 {"metadata":{"emulator":{"name":"functions"},"message":"[functions] Got req.url=/mye-4f48a/us-central1/api/payments/create?total=141694, mapping to path=/payments/create?total=141694"}}
[debug] [2023-01-09T18:47:21.608Z] [worker-pool] submitRequest(triggerId=us-central1-api) {"metadata":{"emulator":{"name":"functions"},"message":"[worker-pool] submitRequest(triggerId=us-central1-api)"}}
[debug] [2023-01-09T18:47:21.608Z] [worker-us-central1-api-ccb80f12-416a-48b8-b60c-ce4e8fb7dc0f]: BUSY {"metadata":{"emulator":{"name":"functions"},"message":"[worker-us-central1-api-ccb80f12-416a-48b8-b60c-ce4e8fb7dc0f]: BUSY"}}
[info] i  functions: Beginning execution of "api" {"metadata":{"emulator":{"name":"functions"},"function":{"name":"us-central1-api"},"extension":{},"message":"Beginning execution of \"api\""}}
[debug] [2023-01-09T18:47:21.619Z] [worker-us-central1-api-ccb80f12-416a-48b8-b60c-ce4e8fb7dc0f]: IDLE {"metadata":{"emulator":{"name":"functions"},"message":"[worker-us-central1-api-ccb80f12-416a-48b8-b60c-ce4e8fb7dc0f]: IDLE"}}
[debug] [2023-01-09T18:47:21.620Z] [work-queue] {"queuedWork":[],"queueLength":0,"runningWork":[],"workRunningCount":0}
[info] i  functions: Finished "api" in 3.4471ms {"metadata":{"emulator":{"name":"functions"},"function":{"name":"us-central1-api"},"extension":{},"message":"Finished \"api\" in 3.4471ms"}}
[debug] [2023-01-09T18:47:21.624Z] [work-queue] {"queuedWork":["/mye-4f48a/us-central1/api/payments/create-2023-01-09T18:47:21.624Z"],"queueLength":1,"runningWork":[],"workRunningCount":0}
[debug] [2023-01-09T18:47:21.625Z] [work-queue] {"queuedWork":[],"queueLength":0,"runningWork":["/mye-4f48a/us-central1/api/payments/create-2023-01-09T18:47:21.624Z"],"workRunningCount":1}
[debug] [2023-01-09T18:47:21.625Z] Accepted request POST /mye-4f48a/us-central1/api/payments/create?total=141694 --> us-central1-api
[debug] [2023-01-09T18:47:21.631Z] [functions] Runtime ready! Sending request! {"metadata":{"emulator":{"name":"functions"},"message":"[functions] Runtime ready! Sending request!"}}
[debug] [2023-01-09T18:47:21.632Z] [functions] Got req.url=/mye-4f48a/us-central1/api/payments/create?total=141694, mapping to path=/payments/create?total=141694 {"metadata":{"emulator":{"name":"functions"},"message":"[functions] Got req.url=/mye-4f48a/us-central1/api/payments/create?total=141694, mapping to path=/payments/create?total=141694"}}
[debug] [2023-01-09T18:47:21.632Z] [worker-pool] submitRequest(triggerId=us-central1-api) {"metadata":{"emulator":{"name":"functions"},"message":"[worker-pool] submitRequest(triggerId=us-central1-api)"}}
[debug] [2023-01-09T18:47:21.633Z] [worker-us-central1-api-ccb80f12-416a-48b8-b60c-ce4e8fb7dc0f]: BUSY {"metadata":{"emulator":{"name":"functions"},"message":"[worker-us-central1-api-ccb80f12-416a-48b8-b60c-ce4e8fb7dc0f]: BUSY"}}
[info] i  functions: Beginning execution of "api" {"metadata":{"emulator":{"name":"functions"},"function":{"name":"us-central1-api"},"extension":{},"message":"Beginning execution of \"api\""}}
[info] >  Payment Request Recieved for this amount >>>  141694 {"user":"Payment Request Recieved for this amount >>>  141694","metadata":{"emulator":{"name":"functions"},"function":{"name":"us-central1-api"},"extension":{},"message":"\u001b[90m> \u001b[39m Payment Request Recieved for this amount >>>  141694"}}
[debug] [2023-01-09T18:47:22.896Z] [worker-us-central1-api-ccb80f12-416a-48b8-b60c-ce4e8fb7dc0f]: IDLE {"metadata":{"emulator":{"name":"functions"},"message":"[worker-us-central1-api-ccb80f12-416a-48b8-b60c-ce4e8fb7dc0f]: IDLE"}}
[debug] [2023-01-09T18:47:22.896Z] [work-queue] {"queuedWork":[],"queueLength":0,"runningWork":[],"workRunningCount":0}
[info] i  functions: Finished "api" in 1257.5235ms {"metadata":{"emulator":{"name":"functions"},"function":{"name":"us-central1-api"},"extension":{},"message":"Finished \"api\" in 1257.5235ms"}}
